<?xml version="1.0" encoding="UTF-8"?>
<testng-results skipped="0" failed="0" ignored="0" total="1" passed="1">
  <reporter-output>
  </reporter-output>
  <suite name="Default suite" duration-ms="257920" started-at="2022-08-22T22:53:07 IST" finished-at="2022-08-22T22:57:25 IST">
    <groups>
    </groups>
    <test name="Default test" duration-ms="257920" started-at="2022-08-22T22:53:07 IST" finished-at="2022-08-22T22:57:25 IST">
      <class name="tests.BaseClass">
        <test-method status="PASS" signature="setupBrowser()[pri:0, instance:tests.BaseClass@623a8092]" name="setupBrowser" is-config="true" duration-ms="12598" started-at="2022-08-22T22:52:55 IST" finished-at="2022-08-22T22:53:07 IST">
          <reporter-output>
          </reporter-output>
        </test-method> <!-- setupBrowser -->
        <test-method status="PASS" signature="f()[pri:0, instance:tests.BaseClass@623a8092]" name="f" duration-ms="257825" started-at="2022-08-22T22:53:07 IST" finished-at="2022-08-22T22:57:25 IST">
          <reporter-output>
          </reporter-output>
        </test-method> <!-- f -->
      </class> <!-- tests.BaseClass -->
    </test> <!-- Default test -->
  </suite> <!-- Default suite -->
</testng-results>
